Jan 04, 2018 1:11:51 PM apex.jorje.parser.impl.BaseApexLexer dedupe
INFO: Deduped array ApexLexer.DFA22_transition. Found 7730596 shorts which is 14MB not including array overhead. Removed 7073965 shorts which is 13MB not counting array overhead.Took 11ms.
Jan 04, 2018 1:11:53 PM com.google.common.util.concurrent.ServiceManager$ServiceListener failed
SEVERE: Service Apex Prelude Service [FAILED] has failed in the STARTING state.
java.lang.NoClassDefFoundError: javax/xml/ws/Holder
	at apex.jorje.semantic.ast.visitor.ValidationScope.push(ValidationScope.java:75)
	at apex.jorje.semantic.ast.statement.BlockStatement.validate(BlockStatement.java:148)
	at apex.jorje.semantic.ast.statement.MethodBlockStatement.validate(MethodBlockStatement.java:82)
	at apex.jorje.semantic.ast.member.Method.validate(Method.java:164)
	at apex.jorje.semantic.ast.compilation.UserClass.validate(UserClass.java:169)
	at apex.jorje.semantic.compiler.CodeUnit.validate(CodeUnit.java:199)
	at apex.jorje.semantic.compiler.CompilerOperations$ValidateOperation.invoke(CompilerOperations.java:106)
	at apex.jorje.semantic.compiler.ApexCompiler.processNext(ApexCompiler.java:231)
	at apex.jorje.semantic.compiler.ApexCompiler.compileInternal(ApexCompiler.java:137)
	at apex.jorje.semantic.compiler.ApexCompiler.compile(ApexCompiler.java:125)
	at apex.jorje.lsp.impl.services.StandardCompilerService.compile(StandardCompilerService.java:122)
	at apex.jorje.lsp.impl.services.ApexPreludeManagedService.scanApexStandardLibraryIfNecessary(ApexPreludeManagedService.java:163)
	at apex.jorje.lsp.impl.services.ApexPreludeManagedService.startUp(ApexPreludeManagedService.java:93)
	at com.google.common.util.concurrent.AbstractIdleService$2$1.run(AbstractIdleService.java:54)
	at com.google.common.util.concurrent.Callables$3.run(Callables.java:95)
	at java.base/java.lang.Thread.run(Thread.java:844)
Caused by: java.lang.ClassNotFoundException: javax.xml.ws.Holder
	at java.base/jdk.internal.loader.BuiltinClassLoader.loadClass(BuiltinClassLoader.java:582)
	at java.base/jdk.internal.loader.ClassLoaders$AppClassLoader.loadClass(ClassLoaders.java:185)
	at java.base/java.lang.ClassLoader.loadClass(ClassLoader.java:496)
	... 16 more

Exception in thread "Apex Prelude Service STARTING" java.lang.NoClassDefFoundError: javax/xml/ws/Holder
	at apex.jorje.semantic.ast.visitor.ValidationScope.push(ValidationScope.java:75)
	at apex.jorje.semantic.ast.statement.BlockStatement.validate(BlockStatement.java:148)
	at apex.jorje.semantic.ast.statement.MethodBlockStatement.validate(MethodBlockStatement.java:82)
	at apex.jorje.semantic.ast.member.Method.validate(Method.java:164)
	at apex.jorje.semantic.ast.compilation.UserClass.validate(UserClass.java:169)
	at apex.jorje.semantic.compiler.CodeUnit.validate(CodeUnit.java:199)
	at apex.jorje.semantic.compiler.CompilerOperations$ValidateOperation.invoke(CompilerOperations.java:106)
	at apex.jorje.semantic.compiler.ApexCompiler.processNext(ApexCompiler.java:231)
	at apex.jorje.semantic.compiler.ApexCompiler.compileInternal(ApexCompiler.java:137)
	at apex.jorje.semantic.compiler.ApexCompiler.compile(ApexCompiler.java:125)
	at apex.jorje.lsp.impl.services.StandardCompilerService.compile(StandardCompilerService.java:122)
	at apex.jorje.lsp.impl.services.ApexPreludeManagedService.scanApexStandardLibraryIfNecessary(ApexPreludeManagedService.java:163)
	at apex.jorje.lsp.impl.services.ApexPreludeManagedService.startUp(ApexPreludeManagedService.java:93)
	at com.google.common.util.concurrent.AbstractIdleService$2$1.run(AbstractIdleService.java:54)
	at com.google.common.util.concurrent.Callables$3.run(Callables.java:95)
	at java.base/java.lang.Thread.run(Thread.java:844)
Caused by: java.lang.ClassNotFoundException: javax.xml.ws.Holder
	at java.base/jdk.internal.loader.BuiltinClassLoader.loadClass(BuiltinClassLoader.java:582)
	at java.base/jdk.internal.loader.ClassLoaders$AppClassLoader.loadClass(ClassLoaders.java:185)
	at java.base/java.lang.ClassLoader.loadClass(ClassLoader.java:496)
	... 16 more
